Performing C SOURCE FILE Test CMAKE_HAVE_LIBC_PTHREAD failed with the following output:
Change Dir: /home/aniket-pc/Desktop/GSoC/build/CMakeFiles/CMakeTmp

Run Build Command(s):/usr/bin/make cmTC_a4b07/fast && /usr/bin/make -f CMakeFiles/cmTC_a4b07.dir/build.make CMakeFiles/cmTC_a4b07.dir/build
make[1]: Entering directory '/home/aniket-pc/Desktop/GSoC/build/CMakeFiles/CMakeTmp'
Building C object CMakeFiles/cmTC_a4b07.dir/src.c.o
/bin/x86_64-linux-gnu-gcc-9   -DCMAKE_HAVE_LIBC_PTHREAD   -o CMakeFiles/cmTC_a4b07.dir/src.c.o   -c /home/aniket-pc/Desktop/GSoC/build/CMakeFiles/CMakeTmp/src.c
Linking C executable cmTC_a4b07
/usr/bin/cmake -E cmake_link_script CMakeFiles/cmTC_a4b07.dir/link.txt --verbose=1
/bin/x86_64-linux-gnu-gcc-9  -DCMAKE_HAVE_LIBC_PTHREAD    -rdynamic CMakeFiles/cmTC_a4b07.dir/src.c.o  -o cmTC_a4b07 
/usr/bin/ld: CMakeFiles/cmTC_a4b07.dir/src.c.o: in function `main':
src.c:(.text+0x46): undefined reference to `pthread_create'
/usr/bin/ld: src.c:(.text+0x52): undefined reference to `pthread_detach'
/usr/bin/ld: src.c:(.text+0x63): undefined reference to `pthread_join'
collect2: error: ld returned 1 exit status
make[1]: *** [CMakeFiles/cmTC_a4b07.dir/build.make:87: cmTC_a4b07] Error 1
make[1]: Leaving directory '/home/aniket-pc/Desktop/GSoC/build/CMakeFiles/CMakeTmp'
make: *** [Makefile:121: cmTC_a4b07/fast] Error 2


Source file was:
#include <pthread.h>

void* test_func(void* data)
{
  return data;
}

int main(void)
{
  pthread_t thread;
  pthread_create(&thread, NULL, test_func, NULL);
  pthread_detach(thread);
  pthread_join(thread, NULL);
  pthread_atfork(NULL, NULL, NULL);
  pthread_exit(NULL);

  return 0;
}

Determining if the function pthread_create exists in the pthreads failed with the following output:
Change Dir: /home/aniket-pc/Desktop/GSoC/build/CMakeFiles/CMakeTmp

Run Build Command(s):/usr/bin/make cmTC_8d309/fast && /usr/bin/make -f CMakeFiles/cmTC_8d309.dir/build.make CMakeFiles/cmTC_8d309.dir/build
make[1]: Entering directory '/home/aniket-pc/Desktop/GSoC/build/CMakeFiles/CMakeTmp'
Building C object CMakeFiles/cmTC_8d309.dir/CheckFunctionExists.c.o
/bin/x86_64-linux-gnu-gcc-9   -DCHECK_FUNCTION_EXISTS=pthread_create   -o CMakeFiles/cmTC_8d309.dir/CheckFunctionExists.c.o   -c /usr/share/cmake-3.16/Modules/CheckFunctionExists.c
Linking C executable cmTC_8d309
/usr/bin/cmake -E cmake_link_script CMakeFiles/cmTC_8d309.dir/link.txt --verbose=1
/bin/x86_64-linux-gnu-gcc-9  -DCHECK_FUNCTION_EXISTS=pthread_create    -rdynamic CMakeFiles/cmTC_8d309.dir/CheckFunctionExists.c.o  -o cmTC_8d309  -lpthreads 
/usr/bin/ld: cannot find -lpthreads
collect2: error: ld returned 1 exit status
make[1]: *** [CMakeFiles/cmTC_8d309.dir/build.make:87: cmTC_8d309] Error 1
make[1]: Leaving directory '/home/aniket-pc/Desktop/GSoC/build/CMakeFiles/CMakeTmp'
make: *** [Makefile:121: cmTC_8d309/fast] Error 2



Looking for a CUDA compiler failed with the following output:
-- The CUDA compiler identification is unknown
CMake Error at CMakeLists.txt:2 (project):
  No CMAKE_CUDA_COMPILER could be found.

  Tell CMake where to find the compiler by setting either the environment
  variable "CUDACXX" or the CMake cache entry CMAKE_CUDA_COMPILER to the full
  path to the compiler, or to the compiler name if it is in the PATH.


-- Configuring incomplete, errors occurred!
See also "/home/aniket-pc/Desktop/GSoC/build/deps/ponca/examples/cuda/CMakeFiles/CheckCUDA/CMakeFiles/CMakeOutput.log".
See also "/home/aniket-pc/Desktop/GSoC/build/deps/ponca/examples/cuda/CMakeFiles/CheckCUDA/CMakeFiles/CMakeError.log".

